# JRE version: Java(TM) SE Runtime Environment (10.0.2+13) (build 10.0.2+13)
# Java VM: Java HotSpot(TM) 64-Bit Server VM (10.0.2+13, mixed mode, tiered, compressed oops, g1 gc, windows-amd64)
Heap:
 garbage-first heap   total 98304K, used 58821K [0x00000000a1a00000, 0x0000000100000000)
  region size 1024K, 57 young (58368K), 1 survivors (1024K)
 Metaspace       used 8494K, capacity 8587K, committed 8704K, reserved 1056768K
  class space    used 691K, capacity 731K, committed 768K, reserved 1048576K
GC Heap History (10 events):
Event: 31.494 GC heap after
{Heap after GC invocations=15 (full 0):
 garbage-first heap   total 98304K, used 1544K [0x00000000a1a00000, 0x0000000100000000)
  region size 1024K, 2 young (2048K), 2 survivors (2048K)
 Metaspace       used 8458K, capacity 8587K, committed 8704K, reserved 1056768K
  class space    used 690K, capacity 731K, committed 768K, reserved 1048576K
}
Event: 33.540 GC heap before
{Heap before GC invocations=15 (full 0):
 garbage-first heap   total 98304K, used 57864K [0x00000000a1a00000, 0x0000000100000000)
  region size 1024K, 57 young (58368K), 2 survivors (2048K)
 Metaspace       used 8458K, capacity 8587K, committed 8704K, reserved 1056768K
  class space    used 690K, capacity 731K, committed 768K, reserved 1048576K
}
Event: 33.542 GC heap after
{Heap after GC invocations=16 (full 0):
 garbage-first heap   total 98304K, used 1542K [0x00000000a1a00000, 0x0000000100000000)
  region size 1024K, 1 young (1024K), 1 survivors (1024K)
 Metaspace       used 8458K, capacity 8587K, committed 8704K, reserved 1056768K
  class space    used 690K, capacity 731K, committed 768K, reserved 1048576K
}
Event: 35.677 GC heap before
{Heap before GC invocations=16 (full 0):
 garbage-first heap   total 98304K, used 58886K [0x00000000a1a00000, 0x0000000100000000)
  region size 1024K, 57 young (58368K), 1 survivors (1024K)
 Metaspace       used 8458K, capacity 8587K, committed 8704K, reserved 1056768K
  class space    used 690K, capacity 731K, committed 768K, reserved 1048576K
}
Event: 35.678 GC heap after
{Heap after GC invocations=17 (full 0):
 garbage-first heap   total 98304K, used 1507K [0x00000000a1a00000, 0x0000000100000000)
  region size 1024K, 1 young (1024K), 1 survivors (1024K)
 Metaspace       used 8458K, capacity 8587K, committed 8704K, reserved 1056768K
  class space    used 690K, capacity 731K, committed 768K, reserved 1048576K
}
Event: 68.273 GC heap before
{Heap before GC invocations=17 (full 0):
 garbage-first heap   total 98304K, used 58851K [0x00000000a1a00000, 0x0000000100000000)
  region size 1024K, 57 young (58368K), 1 survivors (1024K)
 Metaspace       used 8466K, capacity 8587K, committed 8704K, reserved 1056768K
  class space    used 690K, capacity 731K, committed 768K, reserved 1048576K
}
Event: 68.273 GC heap after
{Heap after GC invocations=18 (full 0):
 garbage-first heap   total 98304K, used 1481K [0x00000000a1a00000, 0x0000000100000000)
  region size 1024K, 1 young (1024K), 1 survivors (1024K)
 Metaspace       used 8466K, capacity 8587K, committed 8704K, reserved 1056768K
  class space    used 690K, capacity 731K, committed 768K, reserved 1048576K
}
Event: 101.097 GC heap before
{Heap before GC invocations=18 (full 0):
 garbage-first heap   total 98304K, used 58825K [0x00000000a1a00000, 0x0000000100000000)
  region size 1024K, 57 young (58368K), 1 survivors (1024K)
 Metaspace       used 8466K, capacity 8587K, committed 8704K, reserved 1056768K
  class space    used 690K, capacity 731K, committed 768K, reserved 1048576K
}
Event: 101.098 GC heap after
{Heap after GC invocations=19 (full 0):
 garbage-first heap   total 98304K, used 1477K [0x00000000a1a00000, 0x0000000100000000)
  region size 1024K, 1 young (1024K), 1 survivors (1024K)
 Metaspace       used 8466K, capacity 8587K, committed 8704K, reserved 1056768K
  class space    used 690K, capacity 731K, committed 768K, reserved 1048576K
}
Event: 134.498 GC heap before
{Heap before GC invocations=19 (full 0):
 garbage-first heap   total 98304K, used 58821K [0x00000000a1a00000, 0x0000000100000000)
  region size 1024K, 57 young (58368K), 1 survivors (1024K)
 Metaspace       used 8494K, capacity 8587K, committed 8704K, reserved 1056768K
  class space    used 691K, capacity 731K, committed 768K, reserved 1048576K
}

