# JRE version: Java(TM) SE Runtime Environment (10.0.2+13) (build 10.0.2+13)
# Java VM: Java HotSpot(TM) 64-Bit Server VM (10.0.2+13, mixed mode, tiered, compressed oops, g1 gc, windows-amd64)
Heap:
 garbage-first heap   total 98304K, used 57851K [0x00000000a1a00000, 0x0000000100000000)
  region size 1024K, 57 young (58368K), 2 survivors (2048K)
 Metaspace       used 8496K, capacity 8587K, committed 8704K, reserved 1056768K
  class space    used 692K, capacity 731K, committed 768K, reserved 1048576K
GC Heap History (10 events):
Event: 11.993 GC heap after
{Heap after GC invocations=6 (full 0):
 garbage-first heap   total 98304K, used 1592K [0x00000000a1a00000, 0x0000000100000000)
  region size 1024K, 2 young (2048K), 2 survivors (2048K)
 Metaspace       used 8460K, capacity 8587K, committed 8704K, reserved 1056768K
  class space    used 690K, capacity 731K, committed 768K, reserved 1048576K
}
Event: 14.176 GC heap before
{Heap before GC invocations=6 (full 0):
 garbage-first heap   total 98304K, used 57912K [0x00000000a1a00000, 0x0000000100000000)
  region size 1024K, 57 young (58368K), 2 survivors (2048K)
 Metaspace       used 8460K, capacity 8587K, committed 8704K, reserved 1056768K
  class space    used 690K, capacity 731K, committed 768K, reserved 1048576K
}
Event: 14.178 GC heap after
{Heap after GC invocations=7 (full 0):
 garbage-first heap   total 98304K, used 1510K [0x00000000a1a00000, 0x0000000100000000)
  region size 1024K, 2 young (2048K), 2 survivors (2048K)
 Metaspace       used 8460K, capacity 8587K, committed 8704K, reserved 1056768K
  class space    used 690K, capacity 731K, committed 768K, reserved 1048576K
}
Event: 29.621 GC heap before
{Heap before GC invocations=7 (full 0):
 garbage-first heap   total 98304K, used 57830K [0x00000000a1a00000, 0x0000000100000000)
  region size 1024K, 57 young (58368K), 2 survivors (2048K)
 Metaspace       used 8469K, capacity 8587K, committed 8704K, reserved 1056768K
  class space    used 691K, capacity 731K, committed 768K, reserved 1048576K
}
Event: 29.623 GC heap after
{Heap after GC invocations=8 (full 0):
 garbage-first heap   total 98304K, used 1598K [0x00000000a1a00000, 0x0000000100000000)
  region size 1024K, 2 young (2048K), 2 survivors (2048K)
 Metaspace       used 8469K, capacity 8587K, committed 8704K, reserved 1056768K
  class space    used 691K, capacity 731K, committed 768K, reserved 1048576K
}
Event: 61.384 GC heap before
{Heap before GC invocations=8 (full 0):
 garbage-first heap   total 98304K, used 57918K [0x00000000a1a00000, 0x0000000100000000)
  region size 1024K, 57 young (58368K), 2 survivors (2048K)
 Metaspace       used 8469K, capacity 8587K, committed 8704K, reserved 1056768K
  class space    used 691K, capacity 731K, committed 768K, reserved 1048576K
}
Event: 61.385 GC heap after
{Heap after GC invocations=9 (full 0):
 garbage-first heap   total 98304K, used 1577K [0x00000000a1a00000, 0x0000000100000000)
  region size 1024K, 2 young (2048K), 2 survivors (2048K)
 Metaspace       used 8469K, capacity 8587K, committed 8704K, reserved 1056768K
  class space    used 691K, capacity 731K, committed 768K, reserved 1048576K
}
Event: 93.283 GC heap before
{Heap before GC invocations=9 (full 0):
 garbage-first heap   total 98304K, used 57897K [0x00000000a1a00000, 0x0000000100000000)
  region size 1024K, 57 young (58368K), 2 survivors (2048K)
 Metaspace       used 8469K, capacity 8587K, committed 8704K, reserved 1056768K
  class space    used 691K, capacity 731K, committed 768K, reserved 1048576K
}
Event: 93.285 GC heap after
{Heap after GC invocations=10 (full 0):
 garbage-first heap   total 98304K, used 1531K [0x00000000a1a00000, 0x0000000100000000)
  region size 1024K, 2 young (2048K), 2 survivors (2048K)
 Metaspace       used 8469K, capacity 8587K, committed 8704K, reserved 1056768K
  class space    used 691K, capacity 731K, committed 768K, reserved 1048576K
}
Event: 126.235 GC heap before
{Heap before GC invocations=10 (full 0):
 garbage-first heap   total 98304K, used 57851K [0x00000000a1a00000, 0x0000000100000000)
  region size 1024K, 57 young (58368K), 2 survivors (2048K)
 Metaspace       used 8496K, capacity 8587K, committed 8704K, reserved 1056768K
  class space    used 692K, capacity 731K, committed 768K, reserved 1048576K
}

